<?xml version="1.0" encoding="UTF-8"?>
<!-- Generated by org.testng.reporters.JUnitReportReporter -->
<testsuite hostname="LAPTOP-6IAG9FSB" failures="0" tests="1" name="com.crm.qa.testcases.NewContactPageTest" time="5.307" errors="0" timestamp="05 Aug. 2022 08:53:54 GMT" skipped="0">
  <testcase classname="com.crm.qa.testcases.NewContactPageTest" name="validateCreateNewContactTest" time="5.307"/>
</testsuite> <!-- com.crm.qa.testcases.NewContactPageTest -->
